Arguments: 
  C:\Program Files\npm\node.exe C:\Program Files\npm\node_modules\yarn\bin\yarn.js

PATH: 
  C:\Dev\UI\MDVUI\node_modules\.bin;C:\Program Files\Common Files\Oracle\Java\javapath;C:\Program Files (x86)\Common Files\Oracle\Java\javapath;C:\Windows\system32;C:\Windows;C:\Windows\System32\Wbem;C:\Windows\System32\WindowsPowerShell\v1.0\;C:\Windows\System32\OpenSSH\;C:\Program Files (x86)\NVIDIA Corporation\PhysX\Common;C:\Program Files\NVIDIA Corporation\NVIDIA NvDLISR;C:\Program Files\npm;C:\Program Files\Microsoft VS Code\bin;C:\Program Files (x86)\Git\cmd;C:\Program Files\mingw-w64\x86_64-8.1.0-posix-sjlj-rt_v6-rev0\mingw64\bin;"C:\Program Files\Java\jdk-17\bin;";"C:\Program Files\Java\jdk-17\jre\bin;";D:\phpstudy_pro\Extensions\php\php7.3.4nts;C:\ProgramData\ComposerSetup\bin;D:\anaconda;D:\anaconda\Scripts;D:\anaconda\Library\mingw-w64\bin;D:\anaconda\Library\usr\bin;d:\anaconda\Library\bin;D:\php;D:\nginx-1.20.1;C:\Program Files\PuTTY\;C:\Program Files (x86)\Tencent\微信web开发者工具\dll;C:\Users\MineCraft\AppData\Local\Programs\Python\Python39-32\Scripts\;C:\Users\MineCraft\AppData\Local\Programs\Python\Python39-32\;C:\Users\MineCraft\AppData\Local\Microsoft\WindowsApps;;D:\IntelliJ IDEA 2021.3.1\bin;;C:\Users\MineCraft\AppData\Roaming\Composer\vendor\bin

Yarn version: 
  1.22.17

Node version: 
  16.4.0

Platform: 
  win32 x64

Trace: 
  SyntaxError: C:\Dev\UI\MDVUI\package.json: Unexpected token } in JSON at position 766
      at JSON.parse (<anonymous>)
      at C:\Program Files\npm\node_modules\yarn\lib\cli.js:1625:59
      at Generator.next (<anonymous>)
      at step (C:\Program Files\npm\node_modules\yarn\lib\cli.js:310:30)
      at C:\Program Files\npm\node_modules\yarn\lib\cli.js:321:13

npm manifest: 
  {
    "name": "mdvui",
    "version": "0.0.0",
    "scripts": {
      "dev": "vite",
      "build": "vite build",
      "preview": "vite preview",
      "commit": "git-cz"
    },
    "dependencies": {
      "@vueuse/core": "^7.5.1",
      "element-plus": "^1.2.0-beta.6",
      "mdui": "^1.0.2",
      "prettier": "^2.5.1",
      "vue": "^3.2.25",
      "vue-demi": "^0.12.1"
    },
    "devDependencies": {
      "@antfu/eslint-config": "^0.14.0",
      "@antfu/ni": "^0.12.0",
      "@types/node": "^17.0.5",
      "@typescript-eslint/eslint-plugin": "^5.8.0",
      "@typescript-eslint/parser": "^5.8.0",
      "@vitejs/plugin-vue": "^2.0.0",
      "eslint": "^8.5.0",
      "eslint-plugin-promise": "^6.0.0",
      "sass": "^1.45.2",
      "typescript": "^4.4.4",
      "vite": "^2.7.2",
      "vue-tsc": "^0.29.8"
    },
  }

yarn manifest: 
  No manifest

Lockfile: 
  No lockfile
